<?xml version="1.0" encoding="UTF-8"?>
<!-- Generated by org.testng.reporters.JUnitXMLReporter -->
<testsuite ignored="1" hostname="DESKTOP-DMVCCCC" failures="0" tests="1" name="Smoketesting" time="32.639" errors="0" timestamp="2024-06-14T11:44:51 GMT-12:00">
  <testcase classname="testngday3.Automationpage" name="check_home_page_visible_successfully" time="0.222"/>
  <testcase classname="testngday3.Automationpage" name="signup_login" time="0.0">
    <ignored/>
  </testcase> <!-- signup_login -->
</testsuite> <!-- Smoketesting -->
