<?xml version="1.0" encoding="UTF-8"?>
<!-- Generated by org.testng.reporters.JUnitXMLReporter -->
<testsuite ignored="1" hostname="DESKTOP-DMVCCCC" failures="0" tests="1" name="Smoketesting_edge" time="53.674" errors="0" timestamp="2024-06-14T23:29:10 GMT-12:00">
  <testcase classname="testngday3.Practice" name="check_home_page_visible_successfully" time="0.06"/>
  <testcase classname="testngday3.Practice" name="signup_login" time="0.0">
    <ignored/>
  </testcase> <!-- signup_login -->
</testsuite> <!-- Smoketesting_edge -->
