<?xml version="1.0" encoding="UTF-8"?>
<!-- Generated by org.testng.reporters.JUnitXMLReporter -->
<testsuite ignored="1" hostname="DESKTOP-DMVCCCC" failures="0" tests="1" name="Smoketesting_chrome" time="72.376" errors="0" timestamp="2024-06-14T23:28:16 GMT-12:00">
  <testcase classname="testngday3.Practice" name="check_home_page_visible_successfully" time="0.081"/>
  <testcase classname="testngday3.Practice" name="signup_login" time="0.0">
    <ignored/>
  </testcase> <!-- signup_login -->
</testsuite> <!-- Smoketesting_chrome -->
