<?xml version="1.0" encoding="UTF-8"?>
<testng-results ignored="2" total="4" passed="2" failed="0" skipped="0">
  <reporter-output>
  </reporter-output>
  <suite started-at="2024-06-14T23:27:04 GMT-12:00" name="Automation" finished-at="2024-06-14T23:29:10 GMT-12:00" duration-ms="126149">
    <groups>
    </groups>
    <test started-at="2024-06-14T23:27:04 GMT-12:00" name="Smoketesting_chrome" finished-at="2024-06-14T23:28:16 GMT-12:00" duration-ms="72376">
      <class name="testngday3.Practice">
        <test-method is-config="true" signature="Launch_browser(java.lang.String)[pri:0, instance:testngday3.Practice@50a638b5]" started-at="2024-06-14T23:27:04 GMT-12:00" name="Launch_browser" finished-at="2024-06-14T23:28:16 GMT-12:00" duration-ms="72222" status="PASS">
          <params>
            <param index="0">
              <value>
                <![CDATA[chrome]]>
              </value>
            </param>
          </params>
          <reporter-output>
          </reporter-output>
        </test-method> <!-- Launch_browser -->
        <test-method signature="check_home_page_visible_successfully()[pri:0, instance:testngday3.Practice@50a638b5]" started-at="2024-06-14T23:28:16 GMT-12:00" name="check_home_page_visible_successfully" finished-at="2024-06-14T23:28:16 GMT-12:00" duration-ms="81" status="PASS">
          <reporter-output>
          </reporter-output>
        </test-method> <!-- check_home_page_visible_successfully -->
      </class> <!-- testngday3.Practice -->
    </test> <!-- Smoketesting_chrome -->
    <test started-at="2024-06-14T23:28:16 GMT-12:00" name="Smoketesting_edge" finished-at="2024-06-14T23:29:10 GMT-12:00" duration-ms="53674">
      <class name="testngday3.Practice">
        <test-method is-config="true" signature="Launch_browser(java.lang.String)[pri:0, instance:testngday3.Practice@6c80d78a]" started-at="2024-06-14T23:28:16 GMT-12:00" name="Launch_browser" finished-at="2024-06-14T23:29:10 GMT-12:00" duration-ms="53609" status="PASS">
          <params>
            <param index="0">
              <value>
                <![CDATA[edge]]>
              </value>
            </param>
          </params>
          <reporter-output>
          </reporter-output>
        </test-method> <!-- Launch_browser -->
        <test-method signature="check_home_page_visible_successfully()[pri:0, instance:testngday3.Practice@6c80d78a]" started-at="2024-06-14T23:29:10 GMT-12:00" name="check_home_page_visible_successfully" finished-at="2024-06-14T23:29:10 GMT-12:00" duration-ms="60" status="PASS">
          <reporter-output>
          </reporter-output>
        </test-method> <!-- check_home_page_visible_successfully -->
      </class> <!-- testngday3.Practice -->
    </test> <!-- Smoketesting_edge -->
  </suite> <!-- Automation -->
</testng-results>
